This is pdfTeX, Version 3.14159265-2.6-1.40.19 (TeX Live 2018) (preloaded format=pdflatex 2018.8.30)  5 SEP 2018 10:43
entering extended mode
 restricted \write18 enabled.
 %&-line parsing enabled.
**report.tex
(./report.tex
LaTeX2e <2018-04-01> patch level 5
(/volumes/civ5/texlive/2018/texmf-dist/tex/latex/base/article.cls
Document Class: article 2014/09/29 v1.4h Standard LaTeX document class
(/volumes/civ5/texlive/2018/texmf-dist/tex/latex/base/size10.clo
File: size10.clo 2014/09/29 v1.4h Standard LaTeX file (size option)
)
\c@part=\count80
\c@section=\count81
\c@subsection=\count82
\c@subsubsection=\count83
\c@paragraph=\count84
\c@subparagraph=\count85
\c@figure=\count86
\c@table=\count87
\abovecaptionskip=\skip41
\belowcaptionskip=\skip42
\bibindent=\dimen102
)
(/volumes/civ5/texlive/2018/texmf-dist/tex/latex/geometry/geometry.sty
Package: geometry 2018/04/16 v5.8 Page Geometry

(/volumes/civ5/texlive/2018/texmf-dist/tex/latex/graphics/keyval.sty
Package: keyval 2014/10/28 v1.15 key=value parser (DPC)
\KV@toks@=\toks14
)
(/volumes/civ5/texlive/2018/texmf-dist/tex/generic/oberdiek/ifpdf.sty
Package: ifpdf 2017/03/15 v3.2 Provides the ifpdf switch
)
(/volumes/civ5/texlive/2018/texmf-dist/tex/generic/oberdiek/ifvtex.sty
Package: ifvtex 2016/05/16 v1.6 Detect VTeX and its facilities (HO)
Package ifvtex Info: VTeX not detected.
)
(/volumes/civ5/texlive/2018/texmf-dist/tex/generic/ifxetex/ifxetex.sty
Package: ifxetex 2010/09/12 v0.6 Provides ifxetex conditional
)
\Gm@cnth=\count88
\Gm@cntv=\count89
\c@Gm@tempcnt=\count90
\Gm@bindingoffset=\dimen103
\Gm@wd@mp=\dimen104
\Gm@odd@mp=\dimen105
\Gm@even@mp=\dimen106
\Gm@layoutwidth=\dimen107
\Gm@layoutheight=\dimen108
\Gm@layouthoffset=\dimen109
\Gm@layoutvoffset=\dimen110
\Gm@dimlist=\toks15
)
(/volumes/civ5/texlive/2018/texmf-dist/tex/latex/graphics/graphicx.sty
Package: graphicx 2017/06/01 v1.1a Enhanced LaTeX Graphics (DPC,SPQR)

(/volumes/civ5/texlive/2018/texmf-dist/tex/latex/graphics/graphics.sty
Package: graphics 2017/06/25 v1.2c Standard LaTeX Graphics (DPC,SPQR)

(/volumes/civ5/texlive/2018/texmf-dist/tex/latex/graphics/trig.sty
Package: trig 2016/01/03 v1.10 sin cos tan (DPC)
)
(/volumes/civ5/texlive/2018/texmf-dist/tex/latex/graphics-cfg/graphics.cfg
File: graphics.cfg 2016/06/04 v1.11 sample graphics configuration
)
Package graphics Info: Driver file: pdftex.def on input line 99.

(/volumes/civ5/texlive/2018/texmf-dist/tex/latex/graphics-def/pdftex.def
File: pdftex.def 2018/01/08 v1.0l Graphics/color driver for pdftex
))
\Gin@req@height=\dimen111
\Gin@req@width=\dimen112
)
(/volumes/civ5/texlive/2018/texmf-dist/tex/latex/titling/titling.sty
Package: titling 2009/09/04 v2.1d maketitle typesetting
\thanksmarkwidth=\skip43
\thanksmargin=\skip44
\droptitle=\skip45
)
(/volumes/civ5/texlive/2018/texmf-dist/tex/latex/url/url.sty
\Urlmuskip=\muskip10
Package: url 2013/09/16  ver 3.4  Verb mode for urls, etc.
) (./report.aux)
\openout1 = `report.aux'.

LaTeX Font Info:    Checking defaults for OML/cmm/m/it on input line 11.
LaTeX Font Info:    ... okay on input line 11.
LaTeX Font Info:    Checking defaults for T1/cmr/m/n on input line 11.
LaTeX Font Info:    ... okay on input line 11.
LaTeX Font Info:    Checking defaults for OT1/cmr/m/n on input line 11.
LaTeX Font Info:    ... okay on input line 11.
LaTeX Font Info:    Checking defaults for OMS/cmsy/m/n on input line 11.
LaTeX Font Info:    ... okay on input line 11.
LaTeX Font Info:    Checking defaults for OMX/cmex/m/n on input line 11.
LaTeX Font Info:    ... okay on input line 11.
LaTeX Font Info:    Checking defaults for U/cmr/m/n on input line 11.
LaTeX Font Info:    ... okay on input line 11.

*geometry* driver: auto-detecting
*geometry* detected driver: pdftex
*geometry* verbose mode - [ preamble ] result:
* driver: pdftex
* paper: <default>
* layout: <same size as paper>
* layoutoffset:(h,v)=(0.0pt,0.0pt)
* modes: 
* h-part:(L,W,R)=(92.14519pt, 430.00462pt, 92.14519pt)
* v-part:(T,H,B)=(95.39737pt, 556.47656pt, 143.09605pt)
* \paperwidth=614.295pt
* \paperheight=794.96999pt
* \textwidth=430.00462pt
* \textheight=556.47656pt
* \oddsidemargin=19.8752pt
* \evensidemargin=19.8752pt
* \topmargin=-13.87262pt
* \headheight=12.0pt
* \headsep=25.0pt
* \topskip=10.0pt
* \footskip=30.0pt
* \marginparwidth=65.0pt
* \marginparsep=11.0pt
* \columnsep=10.0pt
* \skip\footins=9.0pt plus 4.0pt minus 2.0pt
* \hoffset=0.0pt
* \voffset=0.0pt
* \mag=1000
* \@twocolumnfalse
* \@twosidefalse
* \@mparswitchfalse
* \@reversemarginfalse
* (1in=72.27pt=25.4mm, 1cm=28.453pt)

(/volumes/civ5/texlive/2018/texmf-dist/tex/context/base/mkii/supp-pdf.mkii
[Loading MPS to PDF converter (version 2006.09.02).]
\scratchcounter=\count91
\scratchdimen=\dimen113
\scratchbox=\box26
\nofMPsegments=\count92
\nofMParguments=\count93
\everyMPshowfont=\toks16
\MPscratchCnt=\count94
\MPscratchDim=\dimen114
\MPnumerator=\count95
\makeMPintoPDFobject=\count96
\everyMPtoPDFconversion=\toks17
) (/volumes/civ5/texlive/2018/texmf-dist/tex/latex/oberdiek/epstopdf-base.sty
Package: epstopdf-base 2016/05/15 v2.6 Base part for package epstopdf

(/volumes/civ5/texlive/2018/texmf-dist/tex/generic/oberdiek/infwarerr.sty
Package: infwarerr 2016/05/16 v1.4 Providing info/warning/error messages (HO)
)
(/volumes/civ5/texlive/2018/texmf-dist/tex/latex/oberdiek/grfext.sty
Package: grfext 2016/05/16 v1.2 Manage graphics extensions (HO)

(/volumes/civ5/texlive/2018/texmf-dist/tex/generic/oberdiek/kvdefinekeys.sty
Package: kvdefinekeys 2016/05/16 v1.4 Define keys (HO)

(/volumes/civ5/texlive/2018/texmf-dist/tex/generic/oberdiek/ltxcmds.sty
Package: ltxcmds 2016/05/16 v1.23 LaTeX kernel commands for general use (HO)
)))
(/volumes/civ5/texlive/2018/texmf-dist/tex/latex/oberdiek/kvoptions.sty
Package: kvoptions 2016/05/16 v3.12 Key value format for package options (HO)

(/volumes/civ5/texlive/2018/texmf-dist/tex/generic/oberdiek/kvsetkeys.sty
Package: kvsetkeys 2016/05/16 v1.17 Key value parser (HO)

(/volumes/civ5/texlive/2018/texmf-dist/tex/generic/oberdiek/etexcmds.sty
Package: etexcmds 2016/05/16 v1.6 Avoid name clashes with e-TeX commands (HO)

(/volumes/civ5/texlive/2018/texmf-dist/tex/generic/oberdiek/ifluatex.sty
Package: ifluatex 2016/05/16 v1.4 Provides the ifluatex switch (HO)
Package ifluatex Info: LuaTeX not detected.
)
Package etexcmds Info: Could not find \expanded.
(etexcmds)             That can mean that you are not using pdfTeX 1.50 or
(etexcmds)             that some package has redefined \expanded.
(etexcmds)             In the latter case, load this package earlier.
)))
(/volumes/civ5/texlive/2018/texmf-dist/tex/generic/oberdiek/pdftexcmds.sty
Package: pdftexcmds 2018/01/30 v0.27 Utility functions of pdfTeX for LuaTeX (HO
)
Package pdftexcmds Info: LuaTeX not detected.
Package pdftexcmds Info: \pdf@primitive is available.
Package pdftexcmds Info: \pdf@ifprimitive is available.
Package pdftexcmds Info: \pdfdraftmode found.
)
Package epstopdf-base Info: Redefining graphics rule for `.eps' on input line 4
38.
Package grfext Info: Graphics extension search list:
(grfext)             [.pdf,.png,.jpg,.mps,.jpeg,.jbig2,.jb2,.PDF,.PNG,.JPG,.JPE
G,.JBIG2,.JB2,.eps]
(grfext)             \AppendGraphicsExtensions on input line 456.

(/volumes/civ5/texlive/2018/texmf-dist/tex/latex/latexconfig/epstopdf-sys.cfg
File: epstopdf-sys.cfg 2010/07/13 v1.3 Configuration of (r)epstopdf for TeX Liv
e
))
LaTeX Font Info:    External font `cmex10' loaded for size
(Font)              <12> on input line 15.
LaTeX Font Info:    External font `cmex10' loaded for size
(Font)              <8> on input line 15.
LaTeX Font Info:    External font `cmex10' loaded for size
(Font)              <6> on input line 15.
[1

{/volumes/civ5/texlive/2018/texmf-var/fonts/map/pdftex/updmap/pdftex.map}]
LaTeX Font Info:    External font `cmex10' loaded for size
(Font)              <7> on input line 40.
LaTeX Font Info:    External font `cmex10' loaded for size
(Font)              <5> on input line 40.

[1]
<Figures/ANT_topology_laptop.jpg, id=16, 492.84125pt x 362.35374pt>
File: Figures/ANT_topology_laptop.jpg Graphic file (type jpg)
<use Figures/ANT_topology_laptop.jpg>
Package pdftex.def Info: Figures/ANT_topology_laptop.jpg  used on input line 77
.
(pdftex.def)             Requested size: 215.0023pt x 158.07599pt.
<Figures/ANT_layers.png, id=17, 867.24pt x 443.6575pt>
File: Figures/ANT_layers.png Graphic file (type png)
<use Figures/ANT_layers.png>
Package pdftex.def Info: Figures/ANT_layers.png  used on input line 88.
(pdftex.def)             Requested size: 215.0023pt x 109.98665pt.


LaTeX Warning: `!h' float specifier changed to `!ht'.


Underfull \hbox (badness 10000) in paragraph at lines 98--100

 []

[2 <./Figures/ANT_topology_laptop.jpg>]
LaTeX Font Info:    Try loading font information for OMS+cmr on input line 104.


(/volumes/civ5/texlive/2018/texmf-dist/tex/latex/base/omscmr.fd
File: omscmr.fd 2014/09/29 v2.5h Standard LaTeX font definitions
)
LaTeX Font Info:    Font shape `OMS/cmr/m/n' in size <10> not available
(Font)              Font shape `OMS/cmsy/m/n' tried instead on input line 104.
<Figures/ANT_base_station_diagram_configure.png, id=24, 1080.035pt x 733.74126p
t>
File: Figures/ANT_base_station_diagram_configure.png Graphic file (type png)
<use Figures/ANT_base_station_diagram_configure.png>
Package pdftex.def Info: Figures/ANT_base_station_diagram_configure.png  used o
n input line 130.
(pdftex.def)             Requested size: 430.00462pt x 292.1254pt.


LaTeX Warning: `!h' float specifier changed to `!ht'.

<Figures/ANT_base_station_diagram_listening.png, id=25, 748.7975pt x 669.50125p
t>
File: Figures/ANT_base_station_diagram_listening.png Graphic file (type png)
<use Figures/ANT_base_station_diagram_listening.png>
Package pdftex.def Info: Figures/ANT_base_station_diagram_listening.png  used o
n input line 152.
(pdftex.def)             Requested size: 430.00462pt x 384.46988pt.

LaTeX Warning: `!h' float specifier changed to `!ht'.

LaTeX Font Info:    External font `cmex10' loaded for size
(Font)              <9> on input line 164.

Underfull \hbox (badness 10000) in paragraph at lines 168--168
[]\OT1/cmr/m/n/9 Channel
 []


Underfull \hbox (badness 10000) in paragraph at lines 168--168
[]\OT1/cmr/m/n/9 Payload (se-
 []


Underfull \hbox (badness 1874) in paragraph at lines 168--169
[]\OT1/cmr/m/n/9 Device Num-
 []


Underfull \hbox (badness 10000) in paragraph at lines 172--172
[]\OT1/cmr/m/n/9 Transmission
 []


Underfull \hbox (badness 10000) in paragraph at lines 172--172
[]\OT1/cmr/m/n/9 Measurement
 []


Underfull \hbox (badness 10000) in paragraph at lines 172--172
[]\OT1/cmr/m/n/9 Threshold
 []


Underfull \hbox (badness 10000) in paragraph at lines 172--172
\OT1/cmr/m/n/9 Con-fig-u-ra-tion
 []


Overfull \hbox (52.3339pt too wide) in paragraph at lines 164--175
 [] 
 []


LaTeX Warning: `!h' float specifier changed to `!ht'.

<Figures/ANT_base_station_diagram_close_channel.png, id=26, 894.34125pt x 432.6
1626pt>
File: Figures/ANT_base_station_diagram_close_channel.png Graphic file (type png
)
<use Figures/ANT_base_station_diagram_close_channel.png>
Package pdftex.def Info: Figures/ANT_base_station_diagram_close_channel.png  us
ed on input line 179.
(pdftex.def)             Requested size: 430.00462pt x 208.0099pt.

LaTeX Warning: `!h' float specifier changed to `!ht'.

[3 <./Figures/ANT_layers.png>]
Overfull \hbox (30.77975pt too wide) in paragraph at lines 189--190
[]\OT1/cmr/m/n/10 Build the so-lu-tion and get li-brary files `ANT[]LIB.lib`,`D
SI[]SiUSBXp[]3[]1.dll`,`DSI[]SiUSBXp7[]3[]1.dll`. 
 []


Overfull \hbox (25.43694pt too wide) in paragraph at lines 190--191
[]\OT1/cmr/m/n/10 Other li-brary file: $\OT1/cmtt/m/n/10 C : \ProgramFiles(x86 
) \WindowsKits \ 10 \ Lib \ 10 . 0 . 17134 . 0 \ um \ x86 \ User32 .
 []

[4 <./Figures/ANT_base_station_diagram_configure.png>]
<Figures/ANT_GUI_window.png, id=36, 972.63374pt x 578.16pt>
File: Figures/ANT_GUI_window.png Graphic file (type png)
<use Figures/ANT_GUI_window.png>
Package pdftex.def Info: Figures/ANT_GUI_window.png  used on input line 198.
(pdftex.def)             Requested size: 430.00462pt x 255.5998pt.


LaTeX Warning: `!h' float specifier changed to `!ht'.

<Figures/ANT_GUI_diaguram.png, id=37, 1623.06375pt x 1255.69125pt>
File: Figures/ANT_GUI_diaguram.png Graphic file (type png)
<use Figures/ANT_GUI_diaguram.png>
Package pdftex.def Info: Figures/ANT_GUI_diaguram.png  used on input line 206.
(pdftex.def)             Requested size: 301.00192pt x 232.87405pt.

LaTeX Warning: `!h' float specifier changed to `!ht'.


Overfull \hbox (31.99135pt too wide) in paragraph at lines 214--217
\OT1/cmtt/m/n/10 infocenter . nordicsemi . com / index . jsp ? topic = %2Fcom .
 nordic . infocenter . nrf52 % 2Fdita % 2Fnrf52 %
 []

[5 <./Figures/ANT_base_station_diagram_listening.png>]
Underfull \hbox (badness 10000) in paragraph at lines 219--220

 []

<Figures/Keil_config_1.png, id=43, 670.505pt x 496.85625pt>
File: Figures/Keil_config_1.png Graphic file (type png)
<use Figures/Keil_config_1.png>
Package pdftex.def Info: Figures/Keil_config_1.png  used on input line 240.
(pdftex.def)             Requested size: 215.0023pt x 159.31566pt.

LaTeX Warning: `!h' float specifier changed to `!ht'.

<Figures/Keil_config_2.png, id=44, 732.7375pt x 597.23125pt>
File: Figures/Keil_config_2.png Graphic file (type png)
<use Figures/Keil_config_2.png>
Package pdftex.def Info: Figures/Keil_config_2.png  used on input line 248.
(pdftex.def)             Requested size: 215.0023pt x 175.23393pt.

LaTeX Warning: `!h' float specifier changed to `!ht'.

<Figures/ANT_beacon_workflow.png, id=45, 445.665pt x 613.29124pt>
File: Figures/ANT_beacon_workflow.png Graphic file (type png)
<use Figures/ANT_beacon_workflow.png>
Package pdftex.def Info: Figures/ANT_beacon_workflow.png  used on input line 25
6.
(pdftex.def)             Requested size: 215.0023pt x 295.87373pt.

LaTeX Warning: `!h' float specifier changed to `!ht'.


Underfull \hbox (badness 10000) in paragraph at lines 261--262

 []

[6 <./Figures/ANT_base_station_diagram_close_channel.png>]
Underfull \hbox (badness 10000) in paragraph at lines 276--278

 []

[7 <./Figures/ANT_GUI_window.png>]
Overfull \hbox (67.28694pt too wide) in paragraph at lines 281--282
[]\OT1/cmr/m/n/10 Download Net-work Pro-ces-sor Source Code. Build this project
 and get "ant[]network[]processor[]s332.hex". 
 []

[8 <./Figures/ANT_GUI_diaguram.png> <./Figures/Keil_config_1.png>] [9 <./Figure
s/Keil_config_2.png>]
<Figures/BLE_topology.png, id=64, 492.84125pt x 362.35374pt>
File: Figures/BLE_topology.png Graphic file (type png)
<use Figures/BLE_topology.png>
Package pdftex.def Info: Figures/BLE_topology.png  used on input line 342.
(pdftex.def)             Requested size: 215.0023pt x 158.07599pt.
 [10 <./Figures/ANT_beacon_workflow.png>]
<Figures/BLE_beacon_diagram.png, id=69, 563.10374pt x 396.48125pt>
File: Figures/BLE_beacon_diagram.png Graphic file (type png)
<use Figures/BLE_beacon_diagram.png>
Package pdftex.def Info: Figures/BLE_beacon_diagram.png  used on input line 353
.
(pdftex.def)             Requested size: 215.0023pt x 151.38435pt.
 [11 <./Figures/BLE_topology.png> <./Figures/BLE_beacon_diagram.png>]
<Figures/BLE_base_station_workflow.png, id=75, 470.75874pt x 651.43375pt>
File: Figures/BLE_base_station_workflow.png Graphic file (type png)
<use Figures/BLE_base_station_workflow.png>
Package pdftex.def Info: Figures/BLE_base_station_workflow.png  used on input l
ine 367.
(pdftex.def)             Requested size: 215.0023pt x 297.5161pt.
<Figures/BLE_beacon_workflow.png, id=76, 362.35374pt x 390.45876pt>
File: Figures/BLE_beacon_workflow.png Graphic file (type png)
<use Figures/BLE_beacon_workflow.png>
Package pdftex.def Info: Figures/BLE_beacon_workflow.png  used on input line 37
8.
(pdftex.def)             Requested size: 215.0023pt x 231.6794pt.
 [12 <./Figures/BLE_base_station_workflow.png>] [13 <./Figures/BLE_beacon_workf
low.png>] (./report.bbl)
Overfull \hbox (12.21472pt too wide) in paragraph at lines 440--441
\OT1/cmr/m/n/10 Download here: $\OT1/cmtt/m/n/10 https : / / www . thisisant . 
com / developer / resources / downloads / #software _
 []


Overfull \hbox (12.21472pt too wide) in paragraph at lines 445--446
\OT1/cmr/m/n/10 Download here: $\OT1/cmtt/m/n/10 https : / / www . thisisant . 
com / developer / resources / downloads / #software _
 []

[14]
Overfull \hbox (27.96458pt too wide) in paragraph at lines 452--454
\OT1/cmr/m/n/10 Download here: $\OT1/cmtt/m/n/10 https : / / www . thisisant . 
com / developer / components / nrf52832 # tab _ protocol _
 []


Overfull \hbox (11.29749pt too wide) in paragraph at lines 459--461
\OT1/cmr/m/n/10 Download ANT SDKs here: $\OT1/cmtt/m/n/10 https : / / www . thi
sisant . com / developer / resources / downloads/$ 
 []

[15] (./report.aux) ) 
Here is how much of TeX's memory you used:
 2191 strings out of 492642
 33398 string characters out of 6127944
 105711 words of memory out of 5000000
 6037 multiletter control sequences out of 15000+600000
 9974 words of font info for 35 fonts, out of 8000000 for 9000
 1141 hyphenation exceptions out of 8191
 41i,9n,25p,600b,315s stack positions out of 5000i,500n,10000p,200000b,80000s
</volumes/civ5/texlive/2018/texmf-dist/fonts/type1/public/
amsfonts/cm/cmbx10.pfb></volumes/civ5/texlive/2018/texmf-dist/fonts/type1/publi
c/amsfonts/cm/cmbx12.pfb></volumes/civ5/texlive/2018/texmf-dist/fonts/type1/pub
lic/amsfonts/cm/cmbx9.pfb></volumes/civ5/texlive/2018/texmf-dist/fonts/type1/pu
blic/amsfonts/cm/cmr10.pfb></volumes/civ5/texlive/2018/texmf-dist/fonts/type1/p
ublic/amsfonts/cm/cmr12.pfb></volumes/civ5/texlive/2018/texmf-dist/fonts/type1/
public/amsfonts/cm/cmr17.pfb></volumes/civ5/texlive/2018/texmf-dist/fonts/type1
/public/amsfonts/cm/cmr9.pfb></volumes/civ5/texlive/2018/texmf-dist/fonts/type1
/public/amsfonts/cm/cmsy10.pfb></volumes/civ5/texlive/2018/texmf-dist/fonts/typ
e1/public/amsfonts/cm/cmti10.pfb></volumes/civ5/texlive/2018/texmf-dist/fonts/t
ype1/public/amsfonts/cm/cmti9.pfb></volumes/civ5/texlive/2018/texmf-dist/fonts/
type1/public/amsfonts/cm/cmtt10.pfb>
Output written on report.pdf (16 pages, 932342 bytes).
PDF statistics:
 128 PDF objects out of 1000 (max. 8388607)
 71 compressed objects within 1 object stream
 0 named destinations out of 1000 (max. 500000)
 71 words of extra memory for PDF output out of 10000 (max. 10000000)

